*** Starting uWSGI 2.0.15 (64bit) on [Sun Jan 28 08:15:08 2018] ***
compiled with version: 5.4.0 20160609 on 24 January 2018 08:07:31
os: Linux-4.13.0-32-generic #35~16.04.1-Ubuntu SMP Thu Jan 25 10:13:43 UTC 2018
nodename: ubuntu
machine: x86_64
clock source: unix
detected number of CPU cores: 1
current working directory: /home/fktest/server_conf
writing pidfile to /home/fktest/server_conf/uwsgi.pid
detected binary path: /usr/local/bin/uwsgi
!!! no internal routing support, rebuild with pcre support !!!
*** WARNING: you are running uWSGI as root !!! (use the --uid flag) *** 
chdir() to /home/fktest
your processes number limit is 3645
your memory page size is 4096 bytes
detected max file descriptor number: 1024
building mime-types dictionary from file /etc/mime.types...552 entry found
lock engine: pthread robust mutexes
thunder lock: enabled
uwsgi socket 0 bound to UNIX address /home/fktest/server_conf/uwsgi.sock fd 3
Python version: 3.5.2 (default, Nov 23 2017, 16:37:01)  [GCC 5.4.0 20160609]
Python main interpreter initialized at 0x891840
python threads support enabled
your server socket listen backlog is limited to 100 connections
your mercy for graceful operations on workers is 60 seconds
mapped 161904 bytes (158 KB) for 1 cores
*** Operational MODE: single process ***
WSGI app 0 (mountpoint='') ready in 0 seconds on interpreter 0x891840 pid: 2746 (default app)
*** uWSGI is running in multiple interpreter mode ***
spawned uWSGI master process (pid: 2746)
spawned uWSGI worker 1 (pid: 2748, cores: 1)
Python auto-reloader enabled
[pid: 2748|app: 0|req: 1/1] 192.168.220.1 () {42 vars in 747 bytes} [Sun Jan 28 16:15:29 2018] GET /myapp/index/ => generated 73919 bytes in 30 msecs (HTTP/1.1 200) 2 headers in 88 bytes (1 switches on core 0)
